06-26-2016 @ 05:43:42 - Queuing 2.6.0 - wc_update_260_options
06-26-2016 @ 05:43:42 - Queuing 2.6.0 - wc_update_260_termmeta
06-26-2016 @ 05:43:42 - Queuing 2.6.0 - wc_update_260_zones
06-26-2016 @ 05:43:42 - Queuing 2.6.0 - wc_update_260_zone_methods
06-26-2016 @ 05:43:42 - Queuing 2.6.0 - wc_update_260_refunds
06-26-2016 @ 05:43:42 - Queuing 2.6.0 - wc_update_260_db_version
06-26-2016 @ 05:43:43 - Unable to dispatch WooCommerce updater: Resolving timed out after 1514 milliseconds
06-30-2016 @ 06:50:41 - Running wc_update_260_options callback
06-30-2016 @ 06:50:41 - Finished wc_update_260_options callback
06-30-2016 @ 06:50:41 - Running wc_update_260_termmeta callback
06-30-2016 @ 06:50:41 - Finished wc_update_260_termmeta callback
06-30-2016 @ 06:50:41 - Running wc_update_260_zones callback
06-30-2016 @ 06:50:41 - Finished wc_update_260_zones callback
06-30-2016 @ 06:50:41 - Running wc_update_260_zone_methods callback
06-30-2016 @ 06:50:41 - Finished wc_update_260_zone_methods callback
06-30-2016 @ 06:50:41 - Running wc_update_260_refunds callback
06-30-2016 @ 06:50:41 - Finished wc_update_260_refunds callback
06-30-2016 @ 06:50:41 - Running wc_update_260_db_version callback
06-30-2016 @ 06:50:41 - Finished wc_update_260_db_version callback
06-30-2016 @ 06:50:41 - Data update complete
